<?xml version="1.0" encoding="UTF-8"?>
<testng-results ignored="0" total="1" passed="1" failed="0" skipped="0">
  <reporter-output>
  </reporter-output>
  <suite started-at="2018-01-03T00:36:34Z" name="home.TestFacebook" finished-at="2018-01-03T00:36:34Z" duration-ms="44">
    <groups>
    </groups>
    <test started-at="2018-01-03T00:36:34Z" name="Command line test" finished-at="2018-01-03T00:36:34Z" duration-ms="44">
      <class name="home.TestFacebook">
        <test-method signature="testHome()[pri:0, instance:home.TestFacebook@5ae50ce6]" started-at="2018-01-02T19:36:34Z" name="testHome" finished-at="2018-01-02T19:36:34Z" duration-ms="6" status="PASS">
          <reporter-output>
          </reporter-output>
        </test-method> <!-- testHome -->
      </class> <!-- home.TestFacebook -->
    </test> <!-- Command line test -->
  </suite> <!-- home.TestFacebook -->
</testng-results>
